#
# There is insufficient memory for the Java Runtime Environment to continue.
# Native memory allocation (mmap) failed to map 257949696 bytes for Failed to commit area from 0x000000070a800000 to 0x0000000719e00000 of length 257949696.
# Possible reasons:
#   The system is out of physical RAM or swap space
#   The process is running with CompressedOops enabled, and the Java Heap may be blocking the growth of the native heap
# Possible solutions:
#   Reduce memory load on the system
#   Increase physical memory or swap space
#   Check if swap backing store is full
#   Decrease Java heap size (-Xmx/-Xms)
#   Decrease number of Java threads
#   Decrease Java thread stack sizes (-Xss)
#   Set larger code cache with -XX:ReservedCodeCacheSize=
# This output file may be truncated or incomplete.
#
#  Out of Memory Error (./open/src/hotspot/os/windows/os_windows.cpp:3298), pid=27344, tid=8484
#
# JRE version:  (11.0.25+9) (build )
# Java VM: Java HotSpot(TM) 64-Bit Server VM (11.0.25+9-LTS-256, mixed mode, sharing, tiered, compressed oops, g1 gc, windows-amd64)
# No core dump will be written. Minidumps are not enabled by default on client versions of Windows
#

---------------  S U M M A R Y ------------

Command Line: c:\Users\Esteban\.vscode\extensions\salesforce.salesforce-vscode-slds-2.0.12\lsp-2.0.12-executable.jar --PORT=49675

Host: AMD Ryzen 7 7730U with Radeon Graphics         , 16 cores, 15G,  Windows 11 , 64 bit Build 26100 (10.0.26100.7309)
Time: Tue Jan 13 22:12:36 2026 Romance Standard Time elapsed time: 1.276504 seconds (0d 0h 0m 1s)

---------------  T H R E A D  ---------------

Current thread (0x00000169312b1000):  JavaThread "Unknown thread" [_thread_in_vm, id=8484, stack(0x0000003f0ed00000,0x0000003f0ee00000)]

Stack: [0x0000003f0ed00000,0x0000003f0ee00000]
Native frames: (J=compiled Java code, j=interpreted, Vv=VM code, C=native code)
V  [jvm.dll+0x65824a]
V  [jvm.dll+0x79ae8f]
V  [jvm.dll+0x79c559]
V  [jvm.dll+0x79cc03]
V  [jvm.dll+0x255785]
V  [jvm.dll+0x6555a9]
V  [jvm.dll+0x64a3c5]
V  [jvm.dll+0x3102fd]
V  [jvm.dll+0x310162]
V  [jvm.dll+0x314ee6]
V  [jvm.dll+0x358450]
V  [jvm.dll+0x357ec2]
V  [jvm.dll+0x2eb3f8]
V  [jvm.dll+0x2ec515]
V  [jvm.dll+0x7743e7]
V  [jvm.dll+0x775c6f]
V  [jvm.dll+0x3655b9]
V  [jvm.dll+0x758a9f]
V  [jvm.dll+0x3d71e7]
V  [jvm.dll+0x3d9331]
C  [jli.dll+0x52e7]
C  [ucrtbase.dll+0x37b0]
C  [KERNEL32.DLL+0x2e8d7]
C  [ntdll.dll+0x8c53c]


---------------  P R O C E S S  ---------------

Threads class SMR info:
_java_thread_list=0x0000016931049b10, length=0, elements={
}

Java Threads: ( => current thread )

Other Threads:
  0x00000169312c7800 GCTaskThread "GC Thread#0" [stack: 0x0000003f0ee00000,0x0000003f0ef00000] [id=10300]
  0x000001693131d800 ConcurrentGCThread "G1 Main Marker" [stack: 0x0000003f0ef00000,0x0000003f0f000000] [id=16720]
  0x000001693131f800 ConcurrentGCThread "G1 Conc#0" [stack: 0x0000003f0f000000,0x0000003f0f100000] [id=13604]

[error occurred during error reporting (printing all threads), id 0xc0000005, EXCEPTION_ACCESS_VIOLATION (0xc0000005) at pc=0x00007ff9924cbab7]

VM state:not at safepoint (not fully initialized)

VM Mutex/Monitor currently owned by a thread:  ([mutex/lock_event])
[0x00000169312ae1b0] Heap_lock - owner thread: 0x00000169312b1000

Heap address: 0x000000070a800000, size: 3928 MB, Compressed Oops mode: Non-zero based: 0x000000070a800000
Narrow klass base: 0x0000000000000000, Narrow klass shift: 0

GC Heap History (0 events):
No events

Deoptimization events (0 events):
No events

Classes redefined (0 events):
No events

Internal exceptions (0 events):
No events

Events (0 events):
No events


Dynamic libraries:
0x00007ff6e88b0000 - 0x00007ff6e88c0000 	C:\Program Files\Java\jdk-11\bin\java.exe
0x00007ffa31820000 - 0x00007ffa31a87000 	C:\WINDOWS\SYSTEM32\ntdll.dll
0x00007ffa2f860000 - 0x00007ffa2f929000 	C:\WINDOWS\System32\KERNEL32.DLL
0x00007ffa2ef10000 - 0x00007ffa2f2ff000 	C:\WINDOWS\System32\KERNELBASE.dll
0x00007ffa2ec80000 - 0x00007ffa2edcb000 	C:\WINDOWS\System32\ucrtbase.dll
0x00007ff9eff90000 - 0x00007ff9effa9000 	C:\Program Files\Java\jdk-11\bin\jli.dll
0x00007ffa31620000 - 0x00007ffa316d4000 	C:\WINDOWS\System32\ADVAPI32.dll
0x00007ffa31570000 - 0x00007ffa31619000 	C:\WINDOWS\System32\msvcrt.dll
0x00007ffa30730000 - 0x00007ffa307d6000 	C:\WINDOWS\System32\sechost.dll
0x00007ff9efd60000 - 0x00007ff9efd7b000 	C:\Program Files\Java\jdk-11\bin\VCRUNTIME140.dll
0x00007ffa2f9d0000 - 0x00007ffa2fae8000 	C:\WINDOWS\System32\RPCRT4.dll
0x00007ffa31330000 - 0x00007ffa314f5000 	C:\WINDOWS\System32\USER32.dll
0x00007ffa2eae0000 - 0x00007ffa2eb07000 	C:\WINDOWS\System32\win32u.dll
0x00007ffa17460000 - 0x00007ffa176f3000 	C:\WINDOWS\WinSxS\amd64_microsoft.windows.common-controls_6595b64144ccf1df_6.0.26100.7309_none_3e05feeae336a044\COMCTL32.dll
0x00007ffa30370000 - 0x00007ffa3039b000 	C:\WINDOWS\System32\GDI32.dll
0x00007ffa2f490000 - 0x00007ffa2f5bc000 	C:\WINDOWS\System32\gdi32full.dll
0x00007ffa2ee60000 - 0x00007ffa2ef03000 	C:\WINDOWS\System32\msvcp_win.dll
0x00007ffa25f30000 - 0x00007ffa25f3b000 	C:\WINDOWS\SYSTEM32\VERSION.dll
0x00007ffa2faf0000 - 0x00007ffa2fb21000 	C:\WINDOWS\System32\IMM32.DLL
0x00007ffa23690000 - 0x00007ffa2369c000 	C:\Program Files\Java\jdk-11\bin\vcruntime140_1.dll
0x00007ff9e4de0000 - 0x00007ff9e4e6e000 	C:\Program Files\Java\jdk-11\bin\msvcp140.dll
0x00007ff9921d0000 - 0x00007ff992d33000 	C:\Program Files\Java\jdk-11\bin\server\jvm.dll
0x00007ffa30060000 - 0x00007ffa30068000 	C:\WINDOWS\System32\PSAPI.DLL
0x00007ffa25ef0000 - 0x00007ffa25f25000 	C:\WINDOWS\SYSTEM32\WINMM.dll
0x00007ffa29470000 - 0x00007ffa2947a000 	C:\WINDOWS\SYSTEM32\WSOCK32.dll
0x00007ffa302f0000 - 0x00007ffa30364000 	C:\WINDOWS\System32\ws2_32.DLL
0x00007ffa2d720000 - 0x00007ffa2d73b000 	C:\WINDOWS\SYSTEM32\kernel.appcore.dll
0x00007ffa235c0000 - 0x00007ffa235d0000 	C:\Program Files\Java\jdk-11\bin\verify.dll
0x00007ffa2c100000 - 0x00007ffa2c342000 	C:\WINDOWS\SYSTEM32\DBGHELP.DLL
0x00007ffa303a0000 - 0x00007ffa30725000 	C:\WINDOWS\System32\combase.dll
0x00007ffa301e0000 - 0x00007ffa302b6000 	C:\WINDOWS\System32\OLEAUT32.dll
0x00007ffa12890000 - 0x00007ffa128cc000 	C:\WINDOWS\SYSTEM32\dbgcore.DLL
0x00007ffa2eb10000 - 0x00007ffa2ebb5000 	C:\WINDOWS\System32\bcryptPrimitives.dll
0x00007ff9e58d0000 - 0x00007ff9e58f8000 	C:\Program Files\Java\jdk-11\bin\java.dll
0x00007ffa22a50000 - 0x00007ffa22a5a000 	C:\Program Files\Java\jdk-11\bin\jimage.dll
0x00007ff9edee0000 - 0x00007ff9edef7000 	C:\Program Files\Java\jdk-11\bin\zip.dll

dbghelp: loaded successfully - version: 4.0.5 - missing functions: none
symbol engine: initialized successfully - sym options: 0x614 - pdb path: .;C:\Program Files\Java\jdk-11\bin;C:\WINDOWS\SYSTEM32;C:\WINDOWS\WinSxS\amd64_microsoft.windows.common-controls_6595b64144ccf1df_6.0.26100.7309_none_3e05feeae336a044;C:\Program Files\Java\jdk-11\bin\server

VM Arguments:
java_command: c:\Users\Esteban\.vscode\extensions\salesforce.salesforce-vscode-slds-2.0.12\lsp-2.0.12-executable.jar --PORT=49675
java_class_path (initial): c:\Users\Esteban\.vscode\extensions\salesforce.salesforce-vscode-slds-2.0.12\lsp-2.0.12-executable.jar
Launcher Type: SUN_STANDARD

[Global flags]
     intx CICompilerCount                          = 12                                        {product} {ergonomic}
     uint ConcGCThreads                            = 3                                         {product} {ergonomic}
     uint G1ConcRefinementThreads                  = 13                                        {product} {ergonomic}
   size_t G1HeapRegionSize                         = 1048576                                   {product} {ergonomic}
    uintx GCDrainStackTargetSize                   = 64                                        {product} {ergonomic}
   size_t InitialHeapSize                          = 257949696                                 {product} {ergonomic}
   size_t MarkStackSize                            = 4194304                                   {product} {ergonomic}
   size_t MaxHeapSize                              = 4118806528                                {product} {ergonomic}
   size_t MinHeapDeltaBytes                        = 1048576                                   {product} {ergonomic}
    uintx NonNMethodCodeHeapSize                   = 7594288                                {pd product} {ergonomic}
    uintx NonProfiledCodeHeapSize                  = 122031976                              {pd product} {ergonomic}
    uintx ProfiledCodeHeapSize                     = 122031976                              {pd product} {ergonomic}
    uintx ReservedCodeCacheSize                    = 251658240                              {pd product} {ergonomic}
     bool SegmentedCodeCache                       = true                                      {product} {ergonomic}
     bool UseCompressedClassPointers               = true                                 {lp64_product} {ergonomic}
     bool UseCompressedOops                        = true                                 {lp64_product} {ergonomic}
     bool UseG1GC                                  = true                                      {product} {ergonomic}
     bool UseLargePagesIndividualAllocation        = false                                  {pd product} {ergonomic}

Logging:
Log output configuration:
 #0: stdout all=warning uptime,level,tags
 #1: stderr all=off uptime,level,tags

Environment Variables:
PATH=C:\Program Files\Common Files\Oracle\Java\javapath;C:\Python312\Scripts\;C:\Python312\;C:\WINDOWS\system32;C:\WINDOWS;C:\WINDOWS\System32\Wbem;C:\WINDOWS\System32\WindowsPowerShell\v1.0\;C:\WINDOWS\System32\OpenSSH\;C:\Program Files\nodejs\;C:\ProgramData\chocolatey\bin;C:\Program Files\Calibre2\;C:\Program Files\Git\cmd;C:\Program Files\Docker\Docker\resources\bin;C:\Program Files\Amazon\AWSCLIV2\;C:\Users\Esteban\AppData\Local\Microsoft\WindowsApps;C:\Users\Esteban\AppData\Local\Programs\Microsoft VS Code\bin;C:\Program Files\sf\bin;C:\Users\Esteban\AppData\Roaming\npm;C:\Program Files\heroku\bin;C:\cygwin64\home\Esteban\heroku\bin
USERNAME=Esteban
OS=Windows_NT
PROCESSOR_IDENTIFIER=AMD64 Family 25 Model 80 Stepping 0, AuthenticAMD



---------------  S Y S T E M  ---------------

OS: Windows 11 , 64 bit Build 26100 (10.0.26100.7309)
Hyper-V role detected

CPU:total 16 (initial active 16) (16 cores per cpu, 2 threads per core) family 25 model 80 stepping 0 microcode 0xa50000f, cmov, cx8, fxsr, mmx, sse, sse2, sse3, ssse3, sse4.1, sse4.2, popcnt, avx, avx2, aes, clmul, erms, mmxext, 3dnowpref, lzcnt, sse4a, ht, tsc, tscinvbit, tscinv, bmi1, bmi2, adx, sha, fma

Memory: 4k page, system-wide physical 15711M (673M free)
TotalPageFile size 64863M (AvailPageFile size 64M)
current process WorkingSet (physical memory assigned to process): 12M, peak: 12M
current process commit charge ("private bytes"): 71M, peak: 317M

vm_info: Java HotSpot(TM) 64-Bit Server VM (11.0.25+9-LTS-256) for windows-amd64 JRE (11.0.25+9-LTS-256), built on Sep 30 2024 06:30:20 by "mach5one" with MS VC++ 17.6 (VS2022)

END.
